<?xml version="1.0" encoding="UTF-8"?>
<testsuite xmlns:xsi="http://www.w3.org/2001/XMLSchema-instance" xsi:noNamespaceSchemaLocation="https://maven.apache.org/surefire/maven-surefire-plugin/xsd/surefire-test-report-3.0.xsd" version="3.0" name="guru.springframework.sfgjms.SfgJmsApplicationTests" time="3.727" tests="1" errors="0" skipped="0" failures="0">
  <properties>
[...]
</properties>
  <testcase name="contextLoads" classname="guru.springframework.sfgjms.SfgJmsApplicationTests" time="0.889">
    <system-out><![CDATA[Standard Commons Logging discovery in action with spring-jcl: please remove commons-logging.jar from classpath in order to avoid potential conflicts
22:45:38.642 [main] INFO org.springframework.test.context.support.AnnotationConfigContextLoaderUtils -- Could not detect default configuration classes for test class [guru.springframework.sfgjms.SfgJmsApplicationTests]: SfgJmsApplicationTests does not declare any static, non-private, non-final, nested classes annotated with @Configuration.
22:45:38.773 [main] INFO org.springframework.boot.test.context.SpringBootTestContextBootstrapper -- Found @SpringBootConfiguration guru.springframework.sfgjms.SfgJmsApplication for test class guru.springframework.sfgjms.SfgJmsApplicationTests
22:45:38.963 [main] INFO org.springframework.boot.devtools.restart.RestartApplicationListener -- Restart disabled due to context in which it is running

  .   ____          _            __ _ _
 /\\ / ___'_ __ _ _(_)_ __  __ _ \ \ \ \
( ( )\___ | '_ | '_| | '_ \/ _` | \ \ \ \
 \\/  ___)| |_)| | | | | || (_| |  ) ) ) )
  '  |____| .__|_| |_|_| |_\__, | / / / /
 =========|_|==============|___/=/_/_/_/

 :: Spring Boot ::                (v3.3.4)

2024-10-11T22:45:39.273-04:00  INFO 20112 --- [           main] g.s.sfgjms.SfgJmsApplicationTests        : Starting SfgJmsApplicationTests using Java 21.0.4 with PID 20112 (started by Jac01 in c:\Users\Jac01\OneDrive\Documents\GitHub\sfg-jms)
2024-10-11T22:45:39.275-04:00  INFO 20112 --- [           main] g.s.sfgjms.SfgJmsApplicationTests        : No active profile set, falling back to 1 default profile: "default"
2024-10-11T22:45:40.885-04:00  INFO 20112 --- [           main] o.apache.activemq.artemis.core.server    : AMQ221000: Primary message broker is starting with configuration Broker Configuration (clustered=false,journalDirectory=C:\Users\Jac01\AppData\Local\Temp\artemis-data/journal,bindingsDirectory=data/bindings,largeMessagesDirectory=data/largemessages,pagingDirectory=data/paging)
2024-10-11T22:45:40.892-04:00  INFO 20112 --- [           main] o.apache.activemq.artemis.core.server    : AMQ221045: libaio is not available, switching the configuration into NIO
2024-10-11T22:45:40.917-04:00  INFO 20112 --- [           main] o.apache.activemq.artemis.core.server    : AMQ221057: Global Max Size is being adjusted to 1/2 of the JVM max size (-Xmx). being defined as 1570766848
2024-10-11T22:45:40.938-04:00  INFO 20112 --- [           main] o.apache.activemq.artemis.core.server    : AMQ221043: Protocol module found: [artemis-server]. Adding protocol support for: CORE
2024-10-11T22:45:40.988-04:00  INFO 20112 --- [           main] org.apache.activemq.audit.base           : AMQ601138: User anonymous@unknown is getting notification info on target resource: null
2024-10-11T22:45:40.989-04:00  INFO 20112 --- [           main] org.apache.activemq.audit.base           : AMQ601019: User anonymous@unknown is getting mbean info on target resource: org.apache.activemq.artemis.core.management.impl.ActiveMQServerControlImpl@58aa1d72
2024-10-11T22:45:40.989-04:00  INFO 20112 --- [           main] org.apache.activemq.audit.base           : AMQ601138: User anonymous@unknown is getting notification info on target resource: ActiveMQServerImpl::name=localhost
2024-10-11T22:45:41.005-04:00  INFO 20112 --- [           main] o.apache.activemq.artemis.core.server    : AMQ224092: Despite disabled persistence, page files will be persisted.
2024-10-11T22:45:41.015-04:00  INFO 20112 --- [           main] o.apache.activemq.artemis.core.server    : AMQ221080: Deploying address DLQ supporting [ANYCAST]
2024-10-11T22:45:41.018-04:00  INFO 20112 --- [           main] org.apache.activemq.audit.base           : AMQ601019: User anonymous@unknown is getting mbean info on target resource: org.apache.activemq.artemis.core.management.impl.AddressControlImpl@5c4cc644
2024-10-11T22:45:41.021-04:00  INFO 20112 --- [           main] o.apache.activemq.artemis.core.server    : AMQ221003: Deploying ANYCAST queue DLQ on address DLQ
2024-10-11T22:45:41.089-04:00  INFO 20112 --- [           main] org.apache.activemq.audit.base           : AMQ601019: User anonymous@unknown is getting mbean info on target resource: org.apache.activemq.artemis.core.management.impl.QueueControlImpl@45c80312
2024-10-11T22:45:41.091-04:00  INFO 20112 --- [           main] o.apache.activemq.artemis.core.server    : AMQ221080: Deploying address ExpiryQueue supporting [ANYCAST]
2024-10-11T22:45:41.091-04:00  INFO 20112 --- [           main] org.apache.activemq.audit.base           : AMQ601019: User anonymous@unknown is getting mbean info on target resource: org.apache.activemq.artemis.core.management.impl.AddressControlImpl@7bd38fed
2024-10-11T22:45:41.091-04:00  INFO 20112 --- [           main] o.apache.activemq.artemis.core.server    : AMQ221003: Deploying ANYCAST queue ExpiryQueue on address ExpiryQueue
2024-10-11T22:45:41.092-04:00  INFO 20112 --- [           main] org.apache.activemq.audit.base           : AMQ601019: User anonymous@unknown is getting mbean info on target resource: org.apache.activemq.artemis.core.management.impl.QueueControlImpl@377dfb8d
2024-10-11T22:45:41.095-04:00  INFO 20112 --- [           main] org.apache.activemq.audit.base           : AMQ601019: User anonymous@unknown is getting mbean info on target resource: org.apache.activemq.artemis.core.management.impl.AddressControlImpl@561f9d92
2024-10-11T22:45:41.131-04:00  INFO 20112 --- [           main] org.apache.activemq.audit.base           : AMQ601019: User anonymous@unknown is getting mbean info on target resource: org.apache.activemq.artemis.core.management.impl.AcceptorControlImpl@65bd19bf
2024-10-11T22:45:41.139-04:00  INFO 20112 --- [           main] o.apache.activemq.artemis.core.server    : AMQ221007: Server is now active
2024-10-11T22:45:41.139-04:00  INFO 20112 --- [           main] o.apache.activemq.artemis.core.server    : AMQ221001: Apache ActiveMQ Artemis Message Broker version 2.33.0 [localhost, nodeID=11c10211-8844-11ef-8711-00155d329800] 
2024-10-11T22:45:41.259-04:00  INFO 20112 --- [           main] g.s.sfgjms.SfgJmsApplicationTests        : Started SfgJmsApplicationTests in 2.311 seconds (process running for 3.818)
]]></system-out>
    <system-err><![CDATA[WARNING: A Java agent has been loaded dynamically (C:\Users\Jac01\.m2\repository\net\bytebuddy\byte-buddy-agent\1.14.19\byte-buddy-agent-1.14.19.jar)
WARNING: If a serviceability tool is in use, please run with -XX:+EnableDynamicAgentLoading to hide this warning
WARNING: If a serviceability tool is not in use, please run with -Djdk.instrument.traceUsage for more information
WARNING: Dynamic loading of agents will be disallowed by default in a future release
]]></system-err>
  </testcase>
</testsuite>